<?xml version="1.0" encoding="UTF-8"?>
<!-- Generated by org.testng.reporters.JUnitReportReporter -->
<testsuite name="Skybitz_Maintanance_MainScripts.Plant" tests="1" time="429.364" ignored="0" failures="0" timestamp="08 Feb 2018 05:51:11 GMT" skipped="0" hostname="svcs-PC" errors="0">
  <testcase name="Main_Functionalities" time="429.364" classname="Skybitz_Maintanance_MainScripts.Plant"/>
</testsuite> <!-- Skybitz_Maintanance_MainScripts.Plant -->
