<?xml version="1.0" encoding="UTF-8"?>
<!-- Generated by org.testng.reporters.JUnitReportReporter -->
<testsuite name="Skybitz_Maintanance_MainScripts.PredefinedChatMsg" tests="1" time="250.823" ignored="0" failures="0" timestamp="13 Jul 2017 09:43:47 GMT" skipped="0" hostname="svcs-PC" errors="0">
  <testcase name="Main_Functionalities" time="250.823" classname="Skybitz_Maintanance_MainScripts.PredefinedChatMsg"/>
</testsuite> <!-- Skybitz_Maintanance_MainScripts.PredefinedChatMsg -->
