<?xml version="1.0" encoding="UTF-8"?>
<!-- Generated by org.testng.reporters.JUnitReportReporter -->
<testsuite name="Skybitz_Maintanance_MainScripts.Orderhold" tests="1" time="269.928" ignored="0" failures="0" timestamp="08 Feb 2018 07:24:24 GMT" skipped="0" hostname="svcs-PC" errors="0">
  <testcase name="Main_Functionalitites" time="269.928" classname="Skybitz_Maintanance_MainScripts.Orderhold"/>
</testsuite> <!-- Skybitz_Maintanance_MainScripts.Orderhold -->
