<?xml version="1.0" encoding="UTF-8"?>
<!-- Generated by org.testng.reporters.JUnitReportReporter -->
<testsuite name="SLX_Order_Entry.Order_Entry" tests="1" time="87.898" ignored="0" failures="0" timestamp="09 Sep 2019 13:23:27 GMT" skipped="0" hostname="svcs-PC" errors="0">
  <testcase name="main" time="87.898" classname="SLX_Order_Entry.Order_Entry"/>
</testsuite> <!-- SLX_Order_Entry.Order_Entry -->
