<?xml version="1.0" encoding="UTF-8"?>
<!-- Generated by org.testng.reporters.JUnitReportReporter -->
<testsuite name="Skybitz_Maintanance_MainScripts.DOTDefectList" tests="1" time="251.187" ignored="0" failures="0" timestamp="13 Jul 2017 07:01:26 GMT" skipped="0" hostname="svcs-PC" errors="0">
  <testcase name="Main_Functionalitites" time="251.187" classname="Skybitz_Maintanance_MainScripts.DOTDefectList"/>
</testsuite> <!-- Skybitz_Maintanance_MainScripts.DOTDefectList -->
