<?xml version="1.0" encoding="UTF-8"?>
<!-- Generated by org.testng.reporters.JUnitReportReporter -->
<testsuite name="Skybitz_Maintanance_MainScripts.Tank_Onboarding" tests="1" time="335.907" ignored="0" failures="0" timestamp="27 Feb 2018 11:44:24 GMT" skipped="0" hostname="svcs-PC" errors="0">
  <testcase name="Main_Functionalitites" time="335.907" classname="Skybitz_Maintanance_MainScripts.Tank_Onboarding"/>
</testsuite> <!-- Skybitz_Maintanance_MainScripts.Tank_Onboarding -->
