<?xml version="1.0" encoding="UTF-8"?>
<!-- Generated by org.testng.reporters.JUnitReportReporter -->
<testsuite name="Skybitz_Maintanance_MainScripts.Vendor" tests="1" time="472.444" ignored="0" failures="0" timestamp="05 Feb 2018 11:42:34 GMT" skipped="0" hostname="svcs-PC" errors="0">
  <testcase name="Main_Functionalitites" time="472.444" classname="Skybitz_Maintanance_MainScripts.Vendor"/>
</testsuite> <!-- Skybitz_Maintanance_MainScripts.Vendor -->
